05-May-20 02:44:13 INFO logging from Class Training
05-May-20 02:44:13 INFO Starting training files validation
05-May-20 02:44:13 INFO Loading Schema from .\data\schema\schema_training.json
05-May-20 02:44:13 INFO Validating file names for 29 files
05-May-20 02:49:28 INFO Starting training files validation
05-May-20 02:49:28 INFO Loading Schema from .\data\schema\schema_training.json
05-May-20 02:49:28 INFO Validating file names for 29 files
05-May-20 02:49:45 INFO Starting training files validation
05-May-20 02:49:45 INFO Loading Schema from .\data\schema\schema_training.json
05-May-20 02:49:45 INFO Validating file names for 29 files
05-May-20 02:50:25 INFO Starting training files validation
05-May-20 02:50:25 INFO Loading Schema from .\data\schema\schema_training.json
05-May-20 02:50:25 INFO Validating file names for 29 files
05-May-20 02:53:19 INFO Starting training files validation
05-May-20 02:53:19 INFO Loading Schema from .\data\schema\schema_training.json
05-May-20 02:53:19 INFO Validating file names for 29 files
05-May-20 03:00:29 INFO Starting training files validation
05-May-20 03:00:29 INFO Loading Schema from .\data\schema\schema_training.json
05-May-20 03:00:29 INFO Validating file names for 29 files
05-May-20 03:00:29 INFO Loading Schema from .\data\schema\schema_training.json
05-May-20 03:00:29 INFO Validating file hypothyroid_0211198_0102062111000.csv for column length
05-May-20 03:00:44 INFO Starting training files validation
05-May-20 03:00:44 INFO Loading Schema from .\data\schema\schema_training.json
05-May-20 03:00:44 INFO Validating file names for 29 files
05-May-20 03:00:44 INFO Loading Schema from .\data\schema\schema_training.json
05-May-20 03:00:44 INFO Validating file hypothyroid_0211198_0102062111000.csv for column length
05-May-20 03:01:04 INFO Starting training files validation
05-May-20 03:01:04 INFO Loading Schema from .\data\schema\schema_training.json
05-May-20 03:01:04 INFO Validating file names for 29 files
05-May-20 03:01:04 INFO Loading Schema from .\data\schema\schema_training.json
05-May-20 03:01:04 INFO Validating file hypothyroid_0211198_0102062111000.csv for column length
05-May-20 03:01:04 INFO Validating file hypothyroid_0211198_0102062111998.csv for column length
05-May-20 03:01:04 INFO Validating file hypothyroid_0211198_0102062111999.csv for column length
05-May-20 03:01:04 INFO Validating file hypothyroid_0211198_0102062112000.csv for column length
05-May-20 03:01:04 INFO Validating file hypothyroid_0211198_0102062112001.csv for column length
05-May-20 03:01:04 INFO Validating file hypothyroid_0211198_0102062112002.csv for column length
05-May-20 03:01:04 INFO Validating file hypothyroid_0211198_0102062112003.csv for column length
05-May-20 03:01:04 INFO Validating file hypothyroid_0211198_0102062112004.csv for column length
05-May-20 03:01:04 INFO Validating file hypothyroid_0211198_0102062112005.csv for column length
05-May-20 03:01:04 INFO Validating file hypothyroid_0211198_0102062112006.csv for column length
05-May-20 03:01:04 INFO Validating file hypothyroid_0211198_0102062112007.csv for column length
05-May-20 03:01:04 INFO Validating file hypothyroid_0211198_0102062112008.csv for column length
05-May-20 03:01:04 INFO Validating file hypothyroid_0211198_0102062112009.csv for column length
05-May-20 03:01:04 INFO Validating file hypothyroid_0211198_0102062112010.csv for column length
05-May-20 03:01:04 INFO Validating file hypothyroid_0211198_0102062112011.csv for column length
05-May-20 03:01:04 INFO Validating file hypothyroid_0211198_0102062112012.csv for column length
05-May-20 03:01:04 INFO Validating file hypothyroid_0211198_0102062112013.csv for column length
05-May-20 03:01:04 INFO Validating file hypothyroid_0211198_0102062112014.csv for column length
05-May-20 03:01:04 INFO Validating file hypothyroid_0211198_0102062112015.csv for column length
05-May-20 03:01:04 INFO Validating file hypothyroid_0211198_0102062112016.csv for column length
05-May-20 03:01:04 INFO Validating file hypothyroid_0211198_0102062112025.csv for column length
05-May-20 03:01:04 INFO Validating file hypothyroid_0211198_0102062112042.csv for column length
05-May-20 03:01:04 INFO Validating file hypothyroid_0211198_0102062112109.csv for column length
