11-May-20 23:35:08 INFO Training: Begin....
11-May-20 23:35:08 INFO Training: Attempting to get training data from .\data\Training_DB\training_db.db.
11-May-20 23:35:08 INFO DB: Attempting to get database connection to .\data\Training_DB\training_db.db
11-May-20 23:35:08 INFO DB: Opened Connection to the DB .\data\Training_DB\training_db.db successfully
11-May-20 23:35:08 INFO Training: data loaded successfully.
11-May-20 23:35:08 INFO Clustering: Finding number of clusters using Elbow plot
11-May-20 23:35:22 INFO Clustering: Number of Clusters found: 3
11-May-20 23:35:22 INFO Training: Found 3 clusters in training data
11-May-20 23:35:22 INFO Clustering: Initializing Kmeans with 3
11-May-20 23:35:22 INFO Clustering: Clusters assigned to data successfully
11-May-20 23:35:22 INFO Training: Starting Process for getting best model for clusters 
11-May-20 23:35:22 INFO Training: Finding best model for Cluster: 0
11-May-20 23:35:22 INFO Models: Intiliazing process for finding best model
11-May-20 23:35:22 INFO Models: fitting Algorithms using Joblib Parallel
11-May-20 23:36:08 INFO Training: Finding best model for Cluster: 1
11-May-20 23:36:08 INFO Models: Intiliazing process for finding best model
11-May-20 23:36:08 INFO Models: fitting Algorithms using Joblib Parallel
11-May-20 23:36:38 INFO Training: Finding best model for Cluster: 2
11-May-20 23:36:38 INFO Models: Intiliazing process for finding best model
11-May-20 23:36:38 INFO Models: fitting Algorithms using Joblib Parallel
11-May-20 23:37:03 INFO File path .\artifacts\models successfully removed
11-May-20 23:37:03 INFO New Path Created .\artifacts\models
11-May-20 23:37:03 INFO New Path Created .\artifacts\models\KNeighborsClassifier0
11-May-20 23:37:03 INFO Saving Model KNeighborsClassifier0 in .\artifacts\models\KNeighborsClassifier0
11-May-20 23:37:03 INFO New Path Created .\artifacts\models\RandomForestClassifier1
11-May-20 23:37:04 INFO Saving Model RandomForestClassifier1 in .\artifacts\models\RandomForestClassifier1
11-May-20 23:37:04 INFO New Path Created .\artifacts\models\RandomForestClassifier2
11-May-20 23:37:04 INFO Saving Model RandomForestClassifier2 in .\artifacts\models\RandomForestClassifier2
