12-May-20 21:57:08 INFO File path .\artifacts\models successfully removed
12-May-20 21:57:08 INFO New Path Created .\artifacts\models
12-May-20 21:57:08 INFO Training: Begin....
12-May-20 21:57:08 INFO Training: Attempting to get training data from .\data\Training_DB\training_db.db.
12-May-20 21:57:08 INFO DB: Attempting to get database connection to .\data\Training_DB\training_db.db
12-May-20 21:57:08 INFO DB: Opened Connection to the DB .\data\Training_DB\training_db.db successfully
12-May-20 21:57:08 INFO Training: data loaded successfully.
12-May-20 21:57:08 INFO New Path Created .\artifacts\models\KmeansClustering
12-May-20 21:57:08 INFO Clustering: Finding number of clusters using Elbow plot
12-May-20 21:57:14 INFO Clustering: Number of Clusters found: 3
12-May-20 21:57:14 INFO Training: Found 3 clusters in training data
12-May-20 21:57:14 INFO Clustering: Initializing Kmeans with 3
12-May-20 21:57:15 INFO Clustering: Clusters assigned to data successfully
12-May-20 21:57:15 INFO Training: Starting Process for getting best model for clusters 
12-May-20 21:57:15 INFO Training: Finding best model for Cluster: 0
12-May-20 21:57:15 INFO Models: Intiliazing process for finding best model
12-May-20 21:57:15 INFO Models: fitting Algorithms using Joblib Parallel
12-May-20 21:57:26 INFO Training: Finding best model for Cluster: 1
12-May-20 21:57:26 INFO Models: Intiliazing process for finding best model
12-May-20 21:57:26 INFO Models: fitting Algorithms using Joblib Parallel
12-May-20 21:57:37 INFO Training: Finding best model for Cluster: 2
12-May-20 21:57:37 INFO Models: Intiliazing process for finding best model
12-May-20 21:57:37 INFO Models: fitting Algorithms using Joblib Parallel
12-May-20 21:57:46 INFO New Path Created .\artifacts\models\KNeighborsClassifier0
12-May-20 21:57:46 INFO Saving Model KNeighborsClassifier0 in .\artifacts\models\KNeighborsClassifier0
12-May-20 21:57:46 INFO New Path Created .\artifacts\models\RandomForestClassifier1
12-May-20 21:57:46 INFO Saving Model RandomForestClassifier1 in .\artifacts\models\RandomForestClassifier1
12-May-20 21:57:46 INFO New Path Created .\artifacts\models\RandomForestClassifier2
12-May-20 21:57:47 INFO Saving Model RandomForestClassifier2 in .\artifacts\models\RandomForestClassifier2
12-May-20 22:34:36 DEBUG STREAM b'IHDR' 16 13
12-May-20 22:34:36 DEBUG STREAM b'pHYs' 41 9
12-May-20 22:34:36 DEBUG STREAM b'tIME' 62 7
12-May-20 22:34:36 DEBUG b'tIME' 62 7 (unknown)
12-May-20 22:34:36 DEBUG STREAM b'tEXt' 81 7
12-May-20 22:34:36 DEBUG STREAM b'tEXt' 100 12
12-May-20 22:34:36 DEBUG STREAM b'tEXt' 124 10
12-May-20 22:34:36 DEBUG STREAM b'tEXt' 146 14
12-May-20 22:34:36 DEBUG STREAM b'tEXt' 172 9
12-May-20 22:34:36 DEBUG STREAM b'tEXt' 193 11
12-May-20 22:34:36 DEBUG STREAM b'tEXt' 216 8
12-May-20 22:34:36 DEBUG STREAM b'tEXt' 236 7
12-May-20 22:34:36 DEBUG STREAM b'tEXt' 255 8
12-May-20 22:34:36 DEBUG STREAM b'tEXt' 275 6
12-May-20 22:34:36 DEBUG STREAM b'IDAT' 293 8192
12-May-20 22:38:23 DEBUG STREAM b'IHDR' 16 13
12-May-20 22:38:23 DEBUG STREAM b'pHYs' 41 9
12-May-20 22:38:23 DEBUG STREAM b'tIME' 62 7
12-May-20 22:38:23 DEBUG b'tIME' 62 7 (unknown)
12-May-20 22:38:23 DEBUG STREAM b'tEXt' 81 7
12-May-20 22:38:23 DEBUG STREAM b'tEXt' 100 12
12-May-20 22:38:23 DEBUG STREAM b'tEXt' 124 10
12-May-20 22:38:23 DEBUG STREAM b'tEXt' 146 14
12-May-20 22:38:23 DEBUG STREAM b'tEXt' 172 9
12-May-20 22:38:23 DEBUG STREAM b'tEXt' 193 11
12-May-20 22:38:23 DEBUG STREAM b'tEXt' 216 8
12-May-20 22:38:23 DEBUG STREAM b'tEXt' 236 7
12-May-20 22:38:23 DEBUG STREAM b'tEXt' 255 8
12-May-20 22:38:23 DEBUG STREAM b'tEXt' 275 6
12-May-20 22:38:23 DEBUG STREAM b'IDAT' 293 8192
12-May-20 22:53:10 DEBUG STREAM b'IHDR' 16 13
12-May-20 22:53:10 DEBUG STREAM b'pHYs' 41 9
12-May-20 22:53:10 DEBUG STREAM b'tIME' 62 7
12-May-20 22:53:10 DEBUG b'tIME' 62 7 (unknown)
12-May-20 22:53:10 DEBUG STREAM b'tEXt' 81 7
12-May-20 22:53:10 DEBUG STREAM b'tEXt' 100 12
12-May-20 22:53:10 DEBUG STREAM b'tEXt' 124 10
12-May-20 22:53:10 DEBUG STREAM b'tEXt' 146 14
12-May-20 22:53:10 DEBUG STREAM b'tEXt' 172 9
12-May-20 22:53:10 DEBUG STREAM b'tEXt' 193 11
12-May-20 22:53:10 DEBUG STREAM b'tEXt' 216 8
12-May-20 22:53:10 DEBUG STREAM b'tEXt' 236 7
12-May-20 22:53:10 DEBUG STREAM b'tEXt' 255 8
12-May-20 22:53:10 DEBUG STREAM b'tEXt' 275 6
12-May-20 22:53:10 DEBUG STREAM b'IDAT' 293 8192
12-May-20 23:00:44 DEBUG STREAM b'IHDR' 16 13
12-May-20 23:00:44 DEBUG STREAM b'pHYs' 41 9
12-May-20 23:00:44 DEBUG STREAM b'tIME' 62 7
12-May-20 23:00:44 DEBUG b'tIME' 62 7 (unknown)
12-May-20 23:00:44 DEBUG STREAM b'tEXt' 81 7
12-May-20 23:00:44 DEBUG STREAM b'tEXt' 100 12
12-May-20 23:00:44 DEBUG STREAM b'tEXt' 124 10
12-May-20 23:00:44 DEBUG STREAM b'tEXt' 146 14
12-May-20 23:00:44 DEBUG STREAM b'tEXt' 172 9
12-May-20 23:00:44 DEBUG STREAM b'tEXt' 193 11
12-May-20 23:00:44 DEBUG STREAM b'tEXt' 216 8
12-May-20 23:00:44 DEBUG STREAM b'tEXt' 236 7
12-May-20 23:00:44 DEBUG STREAM b'tEXt' 255 8
12-May-20 23:00:44 DEBUG STREAM b'tEXt' 275 6
12-May-20 23:00:44 DEBUG STREAM b'IDAT' 293 8192
12-May-20 23:00:46 DEBUG STREAM b'IHDR' 16 13
12-May-20 23:00:46 DEBUG STREAM b'pHYs' 41 9
12-May-20 23:00:46 DEBUG STREAM b'tIME' 62 7
12-May-20 23:00:46 DEBUG b'tIME' 62 7 (unknown)
12-May-20 23:00:46 DEBUG STREAM b'tEXt' 81 7
12-May-20 23:00:46 DEBUG STREAM b'tEXt' 100 12
12-May-20 23:00:46 DEBUG STREAM b'tEXt' 124 10
12-May-20 23:00:46 DEBUG STREAM b'tEXt' 146 14
12-May-20 23:00:46 DEBUG STREAM b'tEXt' 172 9
12-May-20 23:00:46 DEBUG STREAM b'tEXt' 193 11
12-May-20 23:00:46 DEBUG STREAM b'tEXt' 216 8
12-May-20 23:00:46 DEBUG STREAM b'tEXt' 236 7
12-May-20 23:00:46 DEBUG STREAM b'tEXt' 255 8
12-May-20 23:00:46 DEBUG STREAM b'tEXt' 275 6
12-May-20 23:00:46 DEBUG STREAM b'IDAT' 293 8192
12-May-20 23:00:52 DEBUG STREAM b'IHDR' 16 13
12-May-20 23:00:52 DEBUG STREAM b'pHYs' 41 9
12-May-20 23:00:52 DEBUG STREAM b'tIME' 62 7
12-May-20 23:00:52 DEBUG b'tIME' 62 7 (unknown)
12-May-20 23:00:52 DEBUG STREAM b'tEXt' 81 7
12-May-20 23:00:52 DEBUG STREAM b'tEXt' 100 12
12-May-20 23:00:52 DEBUG STREAM b'tEXt' 124 10
12-May-20 23:00:52 DEBUG STREAM b'tEXt' 146 14
12-May-20 23:00:52 DEBUG STREAM b'tEXt' 172 9
12-May-20 23:00:52 DEBUG STREAM b'tEXt' 193 11
12-May-20 23:00:52 DEBUG STREAM b'tEXt' 216 8
12-May-20 23:00:52 DEBUG STREAM b'tEXt' 236 7
12-May-20 23:00:52 DEBUG STREAM b'tEXt' 255 8
12-May-20 23:00:52 DEBUG STREAM b'tEXt' 275 6
12-May-20 23:00:52 DEBUG STREAM b'IDAT' 293 8192
12-May-20 23:00:54 DEBUG STREAM b'IHDR' 16 13
12-May-20 23:00:54 DEBUG STREAM b'pHYs' 41 9
12-May-20 23:00:54 DEBUG STREAM b'tIME' 62 7
12-May-20 23:00:54 DEBUG b'tIME' 62 7 (unknown)
12-May-20 23:00:54 DEBUG STREAM b'tEXt' 81 7
12-May-20 23:00:54 DEBUG STREAM b'tEXt' 100 12
12-May-20 23:00:54 DEBUG STREAM b'tEXt' 124 10
12-May-20 23:00:54 DEBUG STREAM b'tEXt' 146 14
12-May-20 23:00:54 DEBUG STREAM b'tEXt' 172 9
12-May-20 23:00:54 DEBUG STREAM b'tEXt' 193 11
12-May-20 23:00:54 DEBUG STREAM b'tEXt' 216 8
12-May-20 23:00:54 DEBUG STREAM b'tEXt' 236 7
12-May-20 23:00:54 DEBUG STREAM b'tEXt' 255 8
12-May-20 23:00:54 DEBUG STREAM b'tEXt' 275 6
12-May-20 23:00:54 DEBUG STREAM b'IDAT' 293 8192
12-May-20 23:00:56 DEBUG STREAM b'IHDR' 16 13
12-May-20 23:00:56 DEBUG STREAM b'pHYs' 41 9
12-May-20 23:00:56 DEBUG STREAM b'tIME' 62 7
12-May-20 23:00:56 DEBUG b'tIME' 62 7 (unknown)
12-May-20 23:00:56 DEBUG STREAM b'tEXt' 81 7
12-May-20 23:00:56 DEBUG STREAM b'tEXt' 100 12
12-May-20 23:00:56 DEBUG STREAM b'tEXt' 124 10
12-May-20 23:00:56 DEBUG STREAM b'tEXt' 146 14
12-May-20 23:00:56 DEBUG STREAM b'tEXt' 172 9
12-May-20 23:00:56 DEBUG STREAM b'tEXt' 193 11
12-May-20 23:00:56 DEBUG STREAM b'tEXt' 216 8
12-May-20 23:00:56 DEBUG STREAM b'tEXt' 236 7
12-May-20 23:00:56 DEBUG STREAM b'tEXt' 255 8
12-May-20 23:00:56 DEBUG STREAM b'tEXt' 275 6
12-May-20 23:00:56 DEBUG STREAM b'IDAT' 293 8192
12-May-20 23:01:00 DEBUG STREAM b'IHDR' 16 13
12-May-20 23:01:00 DEBUG STREAM b'pHYs' 41 9
12-May-20 23:01:00 DEBUG STREAM b'tIME' 62 7
12-May-20 23:01:00 DEBUG b'tIME' 62 7 (unknown)
12-May-20 23:01:00 DEBUG STREAM b'tEXt' 81 7
12-May-20 23:01:00 DEBUG STREAM b'tEXt' 100 12
12-May-20 23:01:00 DEBUG STREAM b'tEXt' 124 10
12-May-20 23:01:00 DEBUG STREAM b'tEXt' 146 14
12-May-20 23:01:00 DEBUG STREAM b'tEXt' 172 9
12-May-20 23:01:00 DEBUG STREAM b'tEXt' 193 11
12-May-20 23:01:00 DEBUG STREAM b'tEXt' 216 8
12-May-20 23:01:00 DEBUG STREAM b'tEXt' 236 7
12-May-20 23:01:00 DEBUG STREAM b'tEXt' 255 8
12-May-20 23:01:00 DEBUG STREAM b'tEXt' 275 6
12-May-20 23:01:00 DEBUG STREAM b'IDAT' 293 8192
12-May-20 23:01:18 DEBUG STREAM b'IHDR' 16 13
12-May-20 23:01:18 DEBUG STREAM b'pHYs' 41 9
12-May-20 23:01:18 DEBUG STREAM b'tIME' 62 7
12-May-20 23:01:18 DEBUG b'tIME' 62 7 (unknown)
12-May-20 23:01:18 DEBUG STREAM b'tEXt' 81 7
12-May-20 23:01:18 DEBUG STREAM b'tEXt' 100 12
12-May-20 23:01:18 DEBUG STREAM b'tEXt' 124 10
12-May-20 23:01:18 DEBUG STREAM b'tEXt' 146 14
12-May-20 23:01:18 DEBUG STREAM b'tEXt' 172 9
12-May-20 23:01:18 DEBUG STREAM b'tEXt' 193 11
12-May-20 23:01:18 DEBUG STREAM b'tEXt' 216 8
12-May-20 23:01:18 DEBUG STREAM b'tEXt' 236 7
12-May-20 23:01:18 DEBUG STREAM b'tEXt' 255 8
12-May-20 23:01:18 DEBUG STREAM b'tEXt' 275 6
12-May-20 23:01:18 DEBUG STREAM b'IDAT' 293 8192
12-May-20 23:01:22 DEBUG STREAM b'IHDR' 16 13
12-May-20 23:01:22 DEBUG STREAM b'pHYs' 41 9
12-May-20 23:01:22 DEBUG STREAM b'tIME' 62 7
12-May-20 23:01:22 DEBUG b'tIME' 62 7 (unknown)
12-May-20 23:01:22 DEBUG STREAM b'tEXt' 81 7
12-May-20 23:01:22 DEBUG STREAM b'tEXt' 100 12
12-May-20 23:01:22 DEBUG STREAM b'tEXt' 124 10
12-May-20 23:01:22 DEBUG STREAM b'tEXt' 146 14
12-May-20 23:01:22 DEBUG STREAM b'tEXt' 172 9
12-May-20 23:01:22 DEBUG STREAM b'tEXt' 193 11
12-May-20 23:01:22 DEBUG STREAM b'tEXt' 216 8
12-May-20 23:01:22 DEBUG STREAM b'tEXt' 236 7
12-May-20 23:01:22 DEBUG STREAM b'tEXt' 255 8
12-May-20 23:01:22 DEBUG STREAM b'tEXt' 275 6
12-May-20 23:01:22 DEBUG STREAM b'IDAT' 293 8192
12-May-20 23:01:25 DEBUG STREAM b'IHDR' 16 13
12-May-20 23:01:25 DEBUG STREAM b'pHYs' 41 9
12-May-20 23:01:25 DEBUG STREAM b'tIME' 62 7
12-May-20 23:01:25 DEBUG b'tIME' 62 7 (unknown)
12-May-20 23:01:25 DEBUG STREAM b'tEXt' 81 7
12-May-20 23:01:25 DEBUG STREAM b'tEXt' 100 12
12-May-20 23:01:25 DEBUG STREAM b'tEXt' 124 10
12-May-20 23:01:25 DEBUG STREAM b'tEXt' 146 14
12-May-20 23:01:25 DEBUG STREAM b'tEXt' 172 9
12-May-20 23:01:25 DEBUG STREAM b'tEXt' 193 11
12-May-20 23:01:25 DEBUG STREAM b'tEXt' 216 8
12-May-20 23:01:25 DEBUG STREAM b'tEXt' 236 7
12-May-20 23:01:25 DEBUG STREAM b'tEXt' 255 8
12-May-20 23:01:25 DEBUG STREAM b'tEXt' 275 6
12-May-20 23:01:25 DEBUG STREAM b'IDAT' 293 8192
