12-May-20 23:02:39 INFO File path .\artifacts\models successfully removed
12-May-20 23:02:39 INFO New Path Created .\artifacts\models
12-May-20 23:02:39 INFO Training: Begin....
12-May-20 23:02:39 INFO Training: Attempting to get training data from .\data\Training_DB\training_db.db.
12-May-20 23:02:39 INFO DB: Attempting to get database connection to .\data\Training_DB\training_db.db
12-May-20 23:02:39 INFO DB: Opened Connection to the DB .\data\Training_DB\training_db.db successfully
12-May-20 23:02:39 INFO Training: data loaded successfully.
12-May-20 23:02:39 INFO New Path Created .\artifacts\models\KmeansClustering
12-May-20 23:02:39 INFO Clustering: Finding number of clusters using Elbow plot
12-May-20 23:02:46 INFO Clustering: Number of Clusters found: 3
12-May-20 23:02:46 INFO Training: Found 3 clusters in training data
12-May-20 23:02:46 INFO Clustering: Initializing Kmeans with 3
12-May-20 23:02:46 INFO Clustering: Clusters assigned to data successfully
12-May-20 23:02:46 INFO Training: Starting Process for getting best model for clusters 
12-May-20 23:02:46 INFO Training: Finding best model for Cluster: 0
12-May-20 23:02:46 INFO Models: Intiliazing process for finding best model
12-May-20 23:02:46 INFO Models: fitting Algorithms using Joblib Parallel
12-May-20 23:03:02 INFO Training: Finding best model for Cluster: 1
12-May-20 23:03:02 INFO Models: Intiliazing process for finding best model
12-May-20 23:03:02 INFO Models: fitting Algorithms using Joblib Parallel
12-May-20 23:03:16 INFO Training: Finding best model for Cluster: 2
12-May-20 23:03:16 INFO Models: Intiliazing process for finding best model
12-May-20 23:03:16 INFO Models: fitting Algorithms using Joblib Parallel
12-May-20 23:03:31 INFO New Path Created .\artifacts\models\KNeighborsClassifier0
12-May-20 23:03:31 INFO Saving Model KNeighborsClassifier0 in .\artifacts\models\KNeighborsClassifier0
12-May-20 23:03:31 INFO New Path Created .\artifacts\models\RandomForestClassifier1
12-May-20 23:03:31 INFO Saving Model RandomForestClassifier1 in .\artifacts\models\RandomForestClassifier1
12-May-20 23:03:31 INFO New Path Created .\artifacts\models\KNeighborsClassifier2
12-May-20 23:03:31 INFO Saving Model KNeighborsClassifier2 in .\artifacts\models\KNeighborsClassifier2
12-May-20 23:04:00 DEBUG STREAM b'IHDR' 16 13
12-May-20 23:04:00 DEBUG STREAM b'pHYs' 41 9
12-May-20 23:04:00 DEBUG STREAM b'tIME' 62 7
12-May-20 23:04:00 DEBUG b'tIME' 62 7 (unknown)
12-May-20 23:04:00 DEBUG STREAM b'tEXt' 81 7
12-May-20 23:04:00 DEBUG STREAM b'tEXt' 100 12
12-May-20 23:04:00 DEBUG STREAM b'tEXt' 124 10
12-May-20 23:04:00 DEBUG STREAM b'tEXt' 146 14
12-May-20 23:04:00 DEBUG STREAM b'tEXt' 172 9
12-May-20 23:04:00 DEBUG STREAM b'tEXt' 193 11
12-May-20 23:04:00 DEBUG STREAM b'tEXt' 216 8
12-May-20 23:04:00 DEBUG STREAM b'tEXt' 236 7
12-May-20 23:04:00 DEBUG STREAM b'tEXt' 255 8
12-May-20 23:04:00 DEBUG STREAM b'tEXt' 275 6
12-May-20 23:04:00 DEBUG STREAM b'IDAT' 293 8192
13-May-20 00:12:28 DEBUG STREAM b'IHDR' 16 13
13-May-20 00:12:28 DEBUG STREAM b'pHYs' 41 9
13-May-20 00:12:28 DEBUG STREAM b'tIME' 62 7
13-May-20 00:12:28 DEBUG b'tIME' 62 7 (unknown)
13-May-20 00:12:28 DEBUG STREAM b'tEXt' 81 7
13-May-20 00:12:28 DEBUG STREAM b'tEXt' 100 12
13-May-20 00:12:28 DEBUG STREAM b'tEXt' 124 10
13-May-20 00:12:28 DEBUG STREAM b'tEXt' 146 14
13-May-20 00:12:28 DEBUG STREAM b'tEXt' 172 9
13-May-20 00:12:28 DEBUG STREAM b'tEXt' 193 11
13-May-20 00:12:28 DEBUG STREAM b'tEXt' 216 8
13-May-20 00:12:28 DEBUG STREAM b'tEXt' 236 7
13-May-20 00:12:28 DEBUG STREAM b'tEXt' 255 8
13-May-20 00:12:28 DEBUG STREAM b'tEXt' 275 6
13-May-20 00:12:28 DEBUG STREAM b'IDAT' 293 8192
13-May-20 00:12:30 DEBUG STREAM b'IHDR' 16 13
13-May-20 00:12:30 DEBUG STREAM b'pHYs' 41 9
13-May-20 00:12:30 DEBUG STREAM b'tIME' 62 7
13-May-20 00:12:30 DEBUG b'tIME' 62 7 (unknown)
13-May-20 00:12:30 DEBUG STREAM b'tEXt' 81 7
13-May-20 00:12:30 DEBUG STREAM b'tEXt' 100 12
13-May-20 00:12:30 DEBUG STREAM b'tEXt' 124 10
13-May-20 00:12:30 DEBUG STREAM b'tEXt' 146 14
13-May-20 00:12:30 DEBUG STREAM b'tEXt' 172 9
13-May-20 00:12:30 DEBUG STREAM b'tEXt' 193 11
13-May-20 00:12:30 DEBUG STREAM b'tEXt' 216 8
13-May-20 00:12:30 DEBUG STREAM b'tEXt' 236 7
13-May-20 00:12:30 DEBUG STREAM b'tEXt' 255 8
13-May-20 00:12:30 DEBUG STREAM b'tEXt' 275 6
13-May-20 00:12:30 DEBUG STREAM b'IDAT' 293 8192
13-May-20 00:13:08 DEBUG STREAM b'IHDR' 16 13
13-May-20 00:13:08 DEBUG STREAM b'pHYs' 41 9
13-May-20 00:13:08 DEBUG STREAM b'tIME' 62 7
13-May-20 00:13:08 DEBUG b'tIME' 62 7 (unknown)
13-May-20 00:13:08 DEBUG STREAM b'tEXt' 81 7
13-May-20 00:13:08 DEBUG STREAM b'tEXt' 100 12
13-May-20 00:13:08 DEBUG STREAM b'tEXt' 124 10
13-May-20 00:13:08 DEBUG STREAM b'tEXt' 146 14
13-May-20 00:13:08 DEBUG STREAM b'tEXt' 172 9
13-May-20 00:13:08 DEBUG STREAM b'tEXt' 193 11
13-May-20 00:13:08 DEBUG STREAM b'tEXt' 216 8
13-May-20 00:13:08 DEBUG STREAM b'tEXt' 236 7
13-May-20 00:13:08 DEBUG STREAM b'tEXt' 255 8
13-May-20 00:13:08 DEBUG STREAM b'tEXt' 275 6
13-May-20 00:13:08 DEBUG STREAM b'IDAT' 293 8192
13-May-20 00:13:12 DEBUG STREAM b'IHDR' 16 13
13-May-20 00:13:12 DEBUG STREAM b'pHYs' 41 9
13-May-20 00:13:12 DEBUG STREAM b'tIME' 62 7
13-May-20 00:13:12 DEBUG b'tIME' 62 7 (unknown)
13-May-20 00:13:12 DEBUG STREAM b'tEXt' 81 7
13-May-20 00:13:12 DEBUG STREAM b'tEXt' 100 12
13-May-20 00:13:12 DEBUG STREAM b'tEXt' 124 10
13-May-20 00:13:12 DEBUG STREAM b'tEXt' 146 14
13-May-20 00:13:12 DEBUG STREAM b'tEXt' 172 9
13-May-20 00:13:12 DEBUG STREAM b'tEXt' 193 11
13-May-20 00:13:12 DEBUG STREAM b'tEXt' 216 8
13-May-20 00:13:12 DEBUG STREAM b'tEXt' 236 7
13-May-20 00:13:12 DEBUG STREAM b'tEXt' 255 8
13-May-20 00:13:12 DEBUG STREAM b'tEXt' 275 6
13-May-20 00:13:12 DEBUG STREAM b'IDAT' 293 8192
13-May-20 00:13:13 DEBUG STREAM b'IHDR' 16 13
13-May-20 00:13:13 DEBUG STREAM b'pHYs' 41 9
13-May-20 00:13:13 DEBUG STREAM b'tIME' 62 7
13-May-20 00:13:13 DEBUG b'tIME' 62 7 (unknown)
13-May-20 00:13:13 DEBUG STREAM b'tEXt' 81 7
13-May-20 00:13:13 DEBUG STREAM b'tEXt' 100 12
13-May-20 00:13:13 DEBUG STREAM b'tEXt' 124 10
13-May-20 00:13:13 DEBUG STREAM b'tEXt' 146 14
13-May-20 00:13:13 DEBUG STREAM b'tEXt' 172 9
13-May-20 00:13:13 DEBUG STREAM b'tEXt' 193 11
13-May-20 00:13:13 DEBUG STREAM b'tEXt' 216 8
13-May-20 00:13:13 DEBUG STREAM b'tEXt' 236 7
13-May-20 00:13:13 DEBUG STREAM b'tEXt' 255 8
13-May-20 00:13:13 DEBUG STREAM b'tEXt' 275 6
13-May-20 00:13:13 DEBUG STREAM b'IDAT' 293 8192
13-May-20 00:18:09 DEBUG STREAM b'IHDR' 16 13
13-May-20 00:18:09 DEBUG STREAM b'pHYs' 41 9
13-May-20 00:18:09 DEBUG STREAM b'tIME' 62 7
13-May-20 00:18:09 DEBUG b'tIME' 62 7 (unknown)
13-May-20 00:18:09 DEBUG STREAM b'tEXt' 81 7
13-May-20 00:18:09 DEBUG STREAM b'tEXt' 100 12
13-May-20 00:18:09 DEBUG STREAM b'tEXt' 124 10
13-May-20 00:18:09 DEBUG STREAM b'tEXt' 146 14
13-May-20 00:18:09 DEBUG STREAM b'tEXt' 172 9
13-May-20 00:18:09 DEBUG STREAM b'tEXt' 193 11
13-May-20 00:18:09 DEBUG STREAM b'tEXt' 216 8
13-May-20 00:18:09 DEBUG STREAM b'tEXt' 236 7
13-May-20 00:18:09 DEBUG STREAM b'tEXt' 255 8
13-May-20 00:18:09 DEBUG STREAM b'tEXt' 275 6
13-May-20 00:18:09 DEBUG STREAM b'IDAT' 293 8192
13-May-20 00:18:15 DEBUG STREAM b'IHDR' 16 13
13-May-20 00:18:15 DEBUG STREAM b'pHYs' 41 9
13-May-20 00:18:15 DEBUG STREAM b'tIME' 62 7
13-May-20 00:18:15 DEBUG b'tIME' 62 7 (unknown)
13-May-20 00:18:15 DEBUG STREAM b'tEXt' 81 7
13-May-20 00:18:15 DEBUG STREAM b'tEXt' 100 12
13-May-20 00:18:15 DEBUG STREAM b'tEXt' 124 10
13-May-20 00:18:15 DEBUG STREAM b'tEXt' 146 14
13-May-20 00:18:15 DEBUG STREAM b'tEXt' 172 9
13-May-20 00:18:15 DEBUG STREAM b'tEXt' 193 11
13-May-20 00:18:15 DEBUG STREAM b'tEXt' 216 8
13-May-20 00:18:15 DEBUG STREAM b'tEXt' 236 7
13-May-20 00:18:15 DEBUG STREAM b'tEXt' 255 8
13-May-20 00:18:15 DEBUG STREAM b'tEXt' 275 6
13-May-20 00:18:15 DEBUG STREAM b'IDAT' 293 8192
13-May-20 00:18:48 DEBUG STREAM b'IHDR' 16 13
13-May-20 00:18:48 DEBUG STREAM b'pHYs' 41 9
13-May-20 00:18:48 DEBUG STREAM b'tIME' 62 7
13-May-20 00:18:48 DEBUG b'tIME' 62 7 (unknown)
13-May-20 00:18:48 DEBUG STREAM b'tEXt' 81 7
13-May-20 00:18:48 DEBUG STREAM b'tEXt' 100 12
13-May-20 00:18:48 DEBUG STREAM b'tEXt' 124 10
13-May-20 00:18:48 DEBUG STREAM b'tEXt' 146 14
13-May-20 00:18:48 DEBUG STREAM b'tEXt' 172 9
13-May-20 00:18:48 DEBUG STREAM b'tEXt' 193 11
13-May-20 00:18:48 DEBUG STREAM b'tEXt' 216 8
13-May-20 00:18:48 DEBUG STREAM b'tEXt' 236 7
13-May-20 00:18:48 DEBUG STREAM b'tEXt' 255 8
13-May-20 00:18:48 DEBUG STREAM b'tEXt' 275 6
13-May-20 00:18:48 DEBUG STREAM b'IDAT' 293 8192
13-May-20 00:19:00 DEBUG STREAM b'IHDR' 16 13
13-May-20 00:19:00 DEBUG STREAM b'pHYs' 41 9
13-May-20 00:19:00 DEBUG STREAM b'tIME' 62 7
13-May-20 00:19:00 DEBUG b'tIME' 62 7 (unknown)
13-May-20 00:19:00 DEBUG STREAM b'tEXt' 81 7
13-May-20 00:19:00 DEBUG STREAM b'tEXt' 100 12
13-May-20 00:19:00 DEBUG STREAM b'tEXt' 124 10
13-May-20 00:19:00 DEBUG STREAM b'tEXt' 146 14
13-May-20 00:19:00 DEBUG STREAM b'tEXt' 172 9
13-May-20 00:19:00 DEBUG STREAM b'tEXt' 193 11
13-May-20 00:19:00 DEBUG STREAM b'tEXt' 216 8
13-May-20 00:19:00 DEBUG STREAM b'tEXt' 236 7
13-May-20 00:19:00 DEBUG STREAM b'tEXt' 255 8
13-May-20 00:19:00 DEBUG STREAM b'tEXt' 275 6
13-May-20 00:19:00 DEBUG STREAM b'IDAT' 293 8192
13-May-20 00:19:03 DEBUG STREAM b'IHDR' 16 13
13-May-20 00:19:03 DEBUG STREAM b'pHYs' 41 9
13-May-20 00:19:03 DEBUG STREAM b'tIME' 62 7
13-May-20 00:19:03 DEBUG b'tIME' 62 7 (unknown)
13-May-20 00:19:03 DEBUG STREAM b'tEXt' 81 7
13-May-20 00:19:03 DEBUG STREAM b'tEXt' 100 12
13-May-20 00:19:03 DEBUG STREAM b'tEXt' 124 10
13-May-20 00:19:03 DEBUG STREAM b'tEXt' 146 14
13-May-20 00:19:03 DEBUG STREAM b'tEXt' 172 9
13-May-20 00:19:03 DEBUG STREAM b'tEXt' 193 11
13-May-20 00:19:03 DEBUG STREAM b'tEXt' 216 8
13-May-20 00:19:03 DEBUG STREAM b'tEXt' 236 7
13-May-20 00:19:03 DEBUG STREAM b'tEXt' 255 8
13-May-20 00:19:03 DEBUG STREAM b'tEXt' 275 6
13-May-20 00:19:03 DEBUG STREAM b'IDAT' 293 8192
13-May-20 00:24:26 DEBUG STREAM b'IHDR' 16 13
13-May-20 00:24:26 DEBUG STREAM b'pHYs' 41 9
13-May-20 00:24:26 DEBUG STREAM b'tIME' 62 7
13-May-20 00:24:26 DEBUG b'tIME' 62 7 (unknown)
13-May-20 00:24:26 DEBUG STREAM b'tEXt' 81 7
13-May-20 00:24:26 DEBUG STREAM b'tEXt' 100 12
13-May-20 00:24:26 DEBUG STREAM b'tEXt' 124 10
13-May-20 00:24:26 DEBUG STREAM b'tEXt' 146 14
13-May-20 00:24:26 DEBUG STREAM b'tEXt' 172 9
13-May-20 00:24:26 DEBUG STREAM b'tEXt' 193 11
13-May-20 00:24:26 DEBUG STREAM b'tEXt' 216 8
13-May-20 00:24:26 DEBUG STREAM b'tEXt' 236 7
13-May-20 00:24:26 DEBUG STREAM b'tEXt' 255 8
13-May-20 00:24:26 DEBUG STREAM b'tEXt' 275 6
13-May-20 00:24:26 DEBUG STREAM b'IDAT' 293 8192
13-May-20 00:24:36 DEBUG STREAM b'IHDR' 16 13
13-May-20 00:24:36 DEBUG STREAM b'pHYs' 41 9
13-May-20 00:24:36 DEBUG STREAM b'tIME' 62 7
13-May-20 00:24:36 DEBUG b'tIME' 62 7 (unknown)
13-May-20 00:24:36 DEBUG STREAM b'tEXt' 81 7
13-May-20 00:24:36 DEBUG STREAM b'tEXt' 100 12
13-May-20 00:24:36 DEBUG STREAM b'tEXt' 124 10
13-May-20 00:24:36 DEBUG STREAM b'tEXt' 146 14
13-May-20 00:24:36 DEBUG STREAM b'tEXt' 172 9
13-May-20 00:24:36 DEBUG STREAM b'tEXt' 193 11
13-May-20 00:24:36 DEBUG STREAM b'tEXt' 216 8
13-May-20 00:24:36 DEBUG STREAM b'tEXt' 236 7
13-May-20 00:24:36 DEBUG STREAM b'tEXt' 255 8
13-May-20 00:24:36 DEBUG STREAM b'tEXt' 275 6
13-May-20 00:24:36 DEBUG STREAM b'IDAT' 293 8192
13-May-20 00:24:37 DEBUG STREAM b'IHDR' 16 13
13-May-20 00:24:37 DEBUG STREAM b'pHYs' 41 9
13-May-20 00:24:37 DEBUG STREAM b'tIME' 62 7
13-May-20 00:24:37 DEBUG b'tIME' 62 7 (unknown)
13-May-20 00:24:37 DEBUG STREAM b'tEXt' 81 7
13-May-20 00:24:37 DEBUG STREAM b'tEXt' 100 12
13-May-20 00:24:37 DEBUG STREAM b'tEXt' 124 10
13-May-20 00:24:37 DEBUG STREAM b'tEXt' 146 14
13-May-20 00:24:37 DEBUG STREAM b'tEXt' 172 9
13-May-20 00:24:37 DEBUG STREAM b'tEXt' 193 11
13-May-20 00:24:37 DEBUG STREAM b'tEXt' 216 8
13-May-20 00:24:37 DEBUG STREAM b'tEXt' 236 7
13-May-20 00:24:37 DEBUG STREAM b'tEXt' 255 8
13-May-20 00:24:37 DEBUG STREAM b'tEXt' 275 6
13-May-20 00:24:37 DEBUG STREAM b'IDAT' 293 8192
13-May-20 00:24:51 DEBUG STREAM b'IHDR' 16 13
13-May-20 00:24:51 DEBUG STREAM b'pHYs' 41 9
13-May-20 00:24:51 DEBUG STREAM b'tIME' 62 7
13-May-20 00:24:51 DEBUG b'tIME' 62 7 (unknown)
13-May-20 00:24:51 DEBUG STREAM b'tEXt' 81 7
13-May-20 00:24:51 DEBUG STREAM b'tEXt' 100 12
13-May-20 00:24:51 DEBUG STREAM b'tEXt' 124 10
13-May-20 00:24:51 DEBUG STREAM b'tEXt' 146 14
13-May-20 00:24:51 DEBUG STREAM b'tEXt' 172 9
13-May-20 00:24:51 DEBUG STREAM b'tEXt' 193 11
13-May-20 00:24:51 DEBUG STREAM b'tEXt' 216 8
13-May-20 00:24:51 DEBUG STREAM b'tEXt' 236 7
13-May-20 00:24:51 DEBUG STREAM b'tEXt' 255 8
13-May-20 00:24:51 DEBUG STREAM b'tEXt' 275 6
13-May-20 00:24:51 DEBUG STREAM b'IDAT' 293 8192
13-May-20 00:25:04 DEBUG STREAM b'IHDR' 16 13
13-May-20 00:25:04 DEBUG STREAM b'pHYs' 41 9
13-May-20 00:25:04 DEBUG STREAM b'tIME' 62 7
13-May-20 00:25:04 DEBUG b'tIME' 62 7 (unknown)
13-May-20 00:25:04 DEBUG STREAM b'tEXt' 81 7
13-May-20 00:25:04 DEBUG STREAM b'tEXt' 100 12
13-May-20 00:25:04 DEBUG STREAM b'tEXt' 124 10
13-May-20 00:25:04 DEBUG STREAM b'tEXt' 146 14
13-May-20 00:25:04 DEBUG STREAM b'tEXt' 172 9
13-May-20 00:25:04 DEBUG STREAM b'tEXt' 193 11
13-May-20 00:25:04 DEBUG STREAM b'tEXt' 216 8
13-May-20 00:25:04 DEBUG STREAM b'tEXt' 236 7
13-May-20 00:25:04 DEBUG STREAM b'tEXt' 255 8
13-May-20 00:25:04 DEBUG STREAM b'tEXt' 275 6
13-May-20 00:25:04 DEBUG STREAM b'IDAT' 293 8192
13-May-20 00:25:09 DEBUG STREAM b'IHDR' 16 13
13-May-20 00:25:09 DEBUG STREAM b'pHYs' 41 9
13-May-20 00:25:09 DEBUG STREAM b'tIME' 62 7
13-May-20 00:25:09 DEBUG b'tIME' 62 7 (unknown)
13-May-20 00:25:09 DEBUG STREAM b'tEXt' 81 7
13-May-20 00:25:09 DEBUG STREAM b'tEXt' 100 12
13-May-20 00:25:09 DEBUG STREAM b'tEXt' 124 10
13-May-20 00:25:09 DEBUG STREAM b'tEXt' 146 14
13-May-20 00:25:09 DEBUG STREAM b'tEXt' 172 9
13-May-20 00:25:09 DEBUG STREAM b'tEXt' 193 11
13-May-20 00:25:09 DEBUG STREAM b'tEXt' 216 8
13-May-20 00:25:09 DEBUG STREAM b'tEXt' 236 7
13-May-20 00:25:09 DEBUG STREAM b'tEXt' 255 8
13-May-20 00:25:09 DEBUG STREAM b'tEXt' 275 6
13-May-20 00:25:09 DEBUG STREAM b'IDAT' 293 8192
13-May-20 00:25:14 DEBUG STREAM b'IHDR' 16 13
13-May-20 00:25:14 DEBUG STREAM b'pHYs' 41 9
13-May-20 00:25:14 DEBUG STREAM b'tIME' 62 7
13-May-20 00:25:14 DEBUG b'tIME' 62 7 (unknown)
13-May-20 00:25:14 DEBUG STREAM b'tEXt' 81 7
13-May-20 00:25:14 DEBUG STREAM b'tEXt' 100 12
13-May-20 00:25:14 DEBUG STREAM b'tEXt' 124 10
13-May-20 00:25:14 DEBUG STREAM b'tEXt' 146 14
13-May-20 00:25:14 DEBUG STREAM b'tEXt' 172 9
13-May-20 00:25:14 DEBUG STREAM b'tEXt' 193 11
13-May-20 00:25:14 DEBUG STREAM b'tEXt' 216 8
13-May-20 00:25:14 DEBUG STREAM b'tEXt' 236 7
13-May-20 00:25:14 DEBUG STREAM b'tEXt' 255 8
13-May-20 00:25:14 DEBUG STREAM b'tEXt' 275 6
13-May-20 00:25:14 DEBUG STREAM b'IDAT' 293 8192
13-May-20 00:25:17 DEBUG STREAM b'IHDR' 16 13
13-May-20 00:25:17 DEBUG STREAM b'pHYs' 41 9
13-May-20 00:25:17 DEBUG STREAM b'tIME' 62 7
13-May-20 00:25:17 DEBUG b'tIME' 62 7 (unknown)
13-May-20 00:25:17 DEBUG STREAM b'tEXt' 81 7
13-May-20 00:25:17 DEBUG STREAM b'tEXt' 100 12
13-May-20 00:25:17 DEBUG STREAM b'tEXt' 124 10
13-May-20 00:25:17 DEBUG STREAM b'tEXt' 146 14
13-May-20 00:25:17 DEBUG STREAM b'tEXt' 172 9
13-May-20 00:25:17 DEBUG STREAM b'tEXt' 193 11
13-May-20 00:25:17 DEBUG STREAM b'tEXt' 216 8
13-May-20 00:25:17 DEBUG STREAM b'tEXt' 236 7
13-May-20 00:25:17 DEBUG STREAM b'tEXt' 255 8
13-May-20 00:25:17 DEBUG STREAM b'tEXt' 275 6
13-May-20 00:25:17 DEBUG STREAM b'IDAT' 293 8192
13-May-20 00:25:22 DEBUG STREAM b'IHDR' 16 13
13-May-20 00:25:22 DEBUG STREAM b'pHYs' 41 9
13-May-20 00:25:22 DEBUG STREAM b'tIME' 62 7
13-May-20 00:25:22 DEBUG b'tIME' 62 7 (unknown)
13-May-20 00:25:22 DEBUG STREAM b'tEXt' 81 7
13-May-20 00:25:22 DEBUG STREAM b'tEXt' 100 12
13-May-20 00:25:22 DEBUG STREAM b'tEXt' 124 10
13-May-20 00:25:22 DEBUG STREAM b'tEXt' 146 14
13-May-20 00:25:22 DEBUG STREAM b'tEXt' 172 9
13-May-20 00:25:22 DEBUG STREAM b'tEXt' 193 11
13-May-20 00:25:22 DEBUG STREAM b'tEXt' 216 8
13-May-20 00:25:22 DEBUG STREAM b'tEXt' 236 7
13-May-20 00:25:22 DEBUG STREAM b'tEXt' 255 8
13-May-20 00:25:22 DEBUG STREAM b'tEXt' 275 6
13-May-20 00:25:22 DEBUG STREAM b'IDAT' 293 8192
13-May-20 00:25:31 DEBUG STREAM b'IHDR' 16 13
13-May-20 00:25:31 DEBUG STREAM b'pHYs' 41 9
13-May-20 00:25:31 DEBUG STREAM b'tIME' 62 7
13-May-20 00:25:31 DEBUG b'tIME' 62 7 (unknown)
13-May-20 00:25:31 DEBUG STREAM b'tEXt' 81 7
13-May-20 00:25:31 DEBUG STREAM b'tEXt' 100 12
13-May-20 00:25:31 DEBUG STREAM b'tEXt' 124 10
13-May-20 00:25:31 DEBUG STREAM b'tEXt' 146 14
13-May-20 00:25:31 DEBUG STREAM b'tEXt' 172 9
13-May-20 00:25:31 DEBUG STREAM b'tEXt' 193 11
13-May-20 00:25:31 DEBUG STREAM b'tEXt' 216 8
13-May-20 00:25:31 DEBUG STREAM b'tEXt' 236 7
13-May-20 00:25:31 DEBUG STREAM b'tEXt' 255 8
13-May-20 00:25:31 DEBUG STREAM b'tEXt' 275 6
13-May-20 00:25:31 DEBUG STREAM b'IDAT' 293 8192
13-May-20 00:30:54 DEBUG STREAM b'IHDR' 16 13
13-May-20 00:30:54 DEBUG STREAM b'pHYs' 41 9
13-May-20 00:30:54 DEBUG STREAM b'tIME' 62 7
13-May-20 00:30:54 DEBUG b'tIME' 62 7 (unknown)
13-May-20 00:30:54 DEBUG STREAM b'tEXt' 81 7
13-May-20 00:30:54 DEBUG STREAM b'tEXt' 100 12
13-May-20 00:30:54 DEBUG STREAM b'tEXt' 124 10
13-May-20 00:30:54 DEBUG STREAM b'tEXt' 146 14
13-May-20 00:30:54 DEBUG STREAM b'tEXt' 172 9
13-May-20 00:30:54 DEBUG STREAM b'tEXt' 193 11
13-May-20 00:30:54 DEBUG STREAM b'tEXt' 216 8
13-May-20 00:30:54 DEBUG STREAM b'tEXt' 236 7
13-May-20 00:30:54 DEBUG STREAM b'tEXt' 255 8
13-May-20 00:30:54 DEBUG STREAM b'tEXt' 275 6
13-May-20 00:30:54 DEBUG STREAM b'IDAT' 293 8192
